Using pre-set license
Built from '2021.1/staging' branch; Version is '2021.1.21f1 (f2d5d3c59f8c) revision 15914451'; Using compiler version '192528614'; Build Type 'Release'
OS: 'Windows 10 Home; OS build 19044.1526; Version 2009; 64bit' Language: 'en' Physical Memory: 16258 MB
BatchMode: 1, IsHumanControllingUs: 0, StartBugReporterOnCrash: 0, Is64bit: 1, IsPro: 0

COMMAND LINE ARGUMENTS:
C:\Program Files\Unity\Hub\Editor\2021.1.21f1\Editor\Unity.exe
-adb2
-batchMode
-noUpm
-name
AssetImportWorker0
-projectPath
C:/Users/blaab/Documents/GitHub/Island_Adventure/New Unity Project
-logFile
Logs/AssetImportWorker0.log
-srvPort
53747
Successfully changed project path to: C:/Users/blaab/Documents/GitHub/Island_Adventure/New Unity Project
C:/Users/blaab/Documents/GitHub/Island_Adventure/New Unity Project
Using Asset Import Pipeline V2.
Refreshing native plugins compatible for Editor in 123.44 ms, found 4 plugins.
Preloading 0 native plugins for Editor in 0.00 ms.
Initialize engine version: 2021.1.21f1 (f2d5d3c59f8c)
[Subsystems] Discovering subsystems at path C:/Program Files/Unity/Hub/Editor/2021.1.21f1/Editor/Data/Resources/UnitySubsystems
[Subsystems] Discovering subsystems at path C:/Users/blaab/Documents/GitHub/Island_Adventure/New Unity Project/Assets
GfxDevice: creating device client; threaded=0; jobified=0
Direct3D:
    Version:  Direct3D 11.0 [level 11.1]
    Renderer: NVIDIA GeForce RTX 2070 with Max-Q Design (ID=0x1f50)
    Vendor:   NVIDIA
    VRAM:     8031 MB
    Driver:   30.0.14.9733
Initialize mono
Mono path[0] = 'C:/Program Files/Unity/Hub/Editor/2021.1.21f1/Editor/Data/Managed'
Mono path[1] = 'C:/Program Files/Unity/Hub/Editor/2021.1.21f1/Editor/Data/MonoBleedingEdge/lib/mono/unityjit'
Mono config path = 'C:/Program Files/Unity/Hub/Editor/2021.1.21f1/Editor/Data/MonoBleedingEdge/etc'
Using monoOptions --debugger-agent=transport=dt_socket,embedding=1,server=y,suspend=n,address=127.0.0.1:56768
Begin MonoManager ReloadAssembly
Registering precompiled unity dll's ...
Register platform support module: C:/Program Files/Unity/Hub/Editor/2021.1.21f1/Editor/Data/PlaybackEngines/WindowsStandaloneSupport/UnityEditor.WindowsStandalone.Extensions.dll
Registered in 0.002988 seconds.
Native extension for WindowsStandalone target not found
Refreshing native plugins compatible for Editor in 112.45 ms, found 4 plugins.
Preloading 0 native plugins for Editor in 0.00 ms.
Mono: successfully reloaded assembly
- Completed reload, in  1.396 seconds
Domain Reload Profiling:
	ReloadAssembly (1397ms)
		BeginReloadAssembly (87ms)
			ExecutionOrderSort (0ms)
			DisableScriptedObjects (0ms)
			BackupInstance (0ms)
			ReleaseScriptingObjects (0ms)
			CreateAndSetChildDomain (1ms)
		EndReloadAssembly (525ms)
			LoadAssemblies (84ms)
			RebuildTransferFunctionScriptingTraits (0ms)
			SetupTypeCache (179ms)
			ReleaseScriptCaches (0ms)
			RebuildScriptCaches (34ms)
			SetupLoadedEditorAssemblies (259ms)
				LogAssemblyErrors (0ms)
				InitializePlatformSupportModulesInManaged (6ms)
				SetLoadedEditorAssemblies (0ms)
				RefreshPlugins (113ms)
				BeforeProcessingInitializeOnLoad (2ms)
				ProcessInitializeOnLoadAttributes (106ms)
				ProcessInitializeOnLoadMethodAttributes (31ms)
				AfterProcessingInitializeOnLoad (0ms)
				EditorAssembliesLoaded (0ms)
			ExecutionOrderSort2 (0ms)
			AwakeInstancesAfterBackupRestoration (0ms)
Platform modules already initialized, skipping
Registering precompiled user dll's ...
Registered in 0.007463 seconds.
Begin MonoManager ReloadAssembly
Symbol file LoadedFromMemory doesn't match image C:\Users\blaab\Documents\GitHub\Island_Adventure\New Unity Project\Library\PackageCache\com.unity.visualscripting@1.6.1\Editor\VisualScripting.Core\Dependencies\YamlDotNet\Unity.VisualScripting.YamlDotNet.dll
Symbol file LoadedFromMemory doesn't match image C:\Users\blaab\Documents\GitHub\Island_Adventure\New Unity Project\Library\PackageCache\com.unity.visualscripting@1.6.1\Editor\VisualScripting.Core\Dependencies\DotNetZip\Unity.VisualScripting.IonicZip.dll
Native extension for WindowsStandalone target not found
Refreshing native plugins compatible for Editor in 136.42 ms, found 4 plugins.
Preloading 0 native plugins for Editor in 0.00 ms.
Mono: successfully reloaded assembly
- Completed reload, in  1.654 seconds
Domain Reload Profiling:
	ReloadAssembly (1655ms)
		BeginReloadAssembly (219ms)
			ExecutionOrderSort (0ms)
			DisableScriptedObjects (5ms)
			BackupInstance (0ms)
			ReleaseScriptingObjects (0ms)
			CreateAndSetChildDomain (25ms)
		EndReloadAssembly (1357ms)
			LoadAssemblies (139ms)
			RebuildTransferFunctionScriptingTraits (0ms)
			SetupTypeCache (458ms)
			ReleaseScriptCaches (1ms)
			RebuildScriptCaches (70ms)
			SetupLoadedEditorAssemblies (570ms)
				LogAssemblyErrors (0ms)
				InitializePlatformSupportModulesInManaged (4ms)
				SetLoadedEditorAssemblies (0ms)
				RefreshPlugins (137ms)
				BeforeProcessingInitializeOnLoad (104ms)
				ProcessInitializeOnLoadAttributes (297ms)
				ProcessInitializeOnLoadMethodAttributes (18ms)
				AfterProcessingInitializeOnLoad (10ms)
				EditorAssembliesLoaded (0ms)
			ExecutionOrderSort2 (0ms)
			AwakeInstancesAfterBackupRestoration (8ms)
Platform modules already initialized, skipping
========================================================================
Worker process is ready to serve import requests
Launched and connected shader compiler UnityShaderCompiler.exe after 0.06 seconds
Refreshing native plugins compatible for Editor in 0.76 ms, found 4 plugins.
Preloading 0 native plugins for Editor in 0.00 ms.
Unloading 3676 Unused Serialized files (Serialized files now loaded: 0)
System memory in use before: 136.3 MB.
System memory in use after: 136.5 MB.

Unloading 30 unused Assets to reduce memory usage. Loaded Objects now: 4126.
Total: 3.917700 ms (FindLiveObjects: 0.338800 ms CreateObjectMapping: 0.169100 ms MarkObjects: 3.347000 ms  DeleteObjects: 0.061800 ms)

AssetImportParameters requested are different than current active one (requested -> active):
  custom:framework-win-MediaFoundation: 216162199b28c13a410421893ffa2e32 -> 
  custom:video-decoder-ogg-theora: a1e56fd34408186e4bbccfd4996cb3dc -> 
  custom:container-muxer-webm: aa71ff27fc2769a1b78a27578f13a17b -> 
  custom:container-demuxer-webm: 4f35f7cbe854078d1ac9338744f61a02 -> 
  custom:container-demuxer-ogg: 62fdf1f143b41e24485cea50d1cbac27 -> 
  custom:video-encoder-webm-vp8: eb34c28f22e8b96e1ab97ce403110664 -> 
  custom:video-codec-MediaFoundation-h265: 746d11721c4dcdbdad8f713fa42b33f4 -> 
  custom:video-decoder-webm-vp8: 9c59270c3fd7afecdb556c50c9e8de78 -> 
  custom:audio-decoder-ogg-vorbis: bf7c407c2cedff20999df2af8eb42d56 -> 
  custom:audio-encoder-webm-vorbis: bf7c407c2cedff20999df2af8eb42d56 -> 
========================================================================
Received Import Request.
  path: Assets/New Palette.prefab
  artifactKey: Guid(83547007b3fff47448ff2629caf4ed1f) Importer(815301076,1909f56bfc062723c751e8b465ee728b)
Start importing Assets/New Palette.prefab using Guid(83547007b3fff47448ff2629caf4ed1f) Importer(815301076,1909f56bfc062723c751e8b465ee728b)  -> (artifact id: '371a4a1fea1284d57a03187329181869') in 0.168378 seconds 
========================================================================
Received Import Request.
  Time since last request: 246.535808 seconds.
  path: Assets
  artifactKey: Guid(00000000000000001000000000000000) Importer(815301076,1909f56bfc062723c751e8b465ee728b)
Start importing Assets using Guid(00000000000000001000000000000000) Importer(815301076,1909f56bfc062723c751e8b465ee728b)  -> (artifact id: '68a4034d3d715da871e781da702f0bc5') in 0.002376 seconds 
========================================================================
Received Import Request.
  Time since last request: 211.397482 seconds.
  path: Assets/hex-sliced_145.png
  artifactKey: Guid(a4f77db576c0da54f81f4e702a70627f) Importer(815301076,1909f56bfc062723c751e8b465ee728b)
Start importing Assets/hex-sliced_145.png using Guid(a4f77db576c0da54f81f4e702a70627f) Importer(815301076,1909f56bfc062723c751e8b465ee728b)  -> (artifact id: '6fd082668bd9518b3560c0c8bcf685ed') in 0.098026 seconds 
========================================================================
Received Import Request.
  Time since last request: 0.000367 seconds.
  path: Assets/hex-sliced_135.png
  artifactKey: Guid(add346a65f75cbd4dbcc3e18dc486635) Importer(815301076,1909f56bfc062723c751e8b465ee728b)
Start importing Assets/hex-sliced_135.png using Guid(add346a65f75cbd4dbcc3e18dc486635) Importer(815301076,1909f56bfc062723c751e8b465ee728b)  -> (artifact id: 'c5a9aa96d90571776a0aa1846fbe053c') in 0.018990 seconds 
========================================================================
Received Import Request.
  Time since last request: 0.000422 seconds.
  path: Assets/hex-sliced_141.png
  artifactKey: Guid(994d42723ce0e1040a57bd5ee10419bc) Importer(815301076,1909f56bfc062723c751e8b465ee728b)
Start importing Assets/hex-sliced_141.png using Guid(994d42723ce0e1040a57bd5ee10419bc) Importer(815301076,1909f56bfc062723c751e8b465ee728b)  -> (artifact id: '17b3408a4db8eb644173582f3ba2c2cc') in 0.013637 seconds 
========================================================================
Received Import Request.
  Time since last request: 0.000354 seconds.
  path: Assets/hex-sliced_137.png
  artifactKey: Guid(2cc8578ffe2814146980dc38a3fcd694) Importer(815301076,1909f56bfc062723c751e8b465ee728b)
Start importing Assets/hex-sliced_137.png using Guid(2cc8578ffe2814146980dc38a3fcd694) Importer(815301076,1909f56bfc062723c751e8b465ee728b)  -> (artifact id: '77167f4c749a8285df41d3c3461d373c') in 0.012237 seconds 
========================================================================
Received Import Request.
  Time since last request: 0.000428 seconds.
  path: Assets/hex-sliced_138.png
  artifactKey: Guid(5be7c40c07b8bc94f8285149975bb2c6) Importer(815301076,1909f56bfc062723c751e8b465ee728b)
Start importing Assets/hex-sliced_138.png using Guid(5be7c40c07b8bc94f8285149975bb2c6) Importer(815301076,1909f56bfc062723c751e8b465ee728b)  -> (artifact id: '1248d0d9de37f6098b6e9bbb5399ec0b') in 0.016971 seconds 
========================================================================
Received Import Request.
  Time since last request: 0.000552 seconds.
  path: Assets/hex-sliced_142.png
  artifactKey: Guid(7fdcf519ece332943aacdb9a11b5f7ba) Importer(815301076,1909f56bfc062723c751e8b465ee728b)
Start importing Assets/hex-sliced_142.png using Guid(7fdcf519ece332943aacdb9a11b5f7ba) Importer(815301076,1909f56bfc062723c751e8b465ee728b)  -> (artifact id: '8d51402fc4cbd699397845baf0693b96') in 0.014776 seconds 
========================================================================
Received Import Request.
  Time since last request: 0.000396 seconds.
  path: Assets/hex-sliced_143.png
  artifactKey: Guid(d5540e21c431b634ea6e6fe7f248d090) Importer(815301076,1909f56bfc062723c751e8b465ee728b)
Start importing Assets/hex-sliced_143.png using Guid(d5540e21c431b634ea6e6fe7f248d090) Importer(815301076,1909f56bfc062723c751e8b465ee728b)  -> (artifact id: '6a4baf09ff15fbeed20a824d2cf180e0') in 0.016511 seconds 
========================================================================
Received Import Request.
  Time since last request: 0.000398 seconds.
  path: Assets/hex-sliced_139.png
  artifactKey: Guid(90a5659b4bfd88641a883261603b7f21) Importer(815301076,1909f56bfc062723c751e8b465ee728b)
Start importing Assets/hex-sliced_139.png using Guid(90a5659b4bfd88641a883261603b7f21) Importer(815301076,1909f56bfc062723c751e8b465ee728b)  -> (artifact id: '9dd7ccfe0f6ddeb842bad58b032b5d4a') in 0.012081 seconds 
========================================================================
Received Import Request.
  Time since last request: 0.000318 seconds.
  path: Assets/hex-sliced_134.png
  artifactKey: Guid(6dd04035a0523e94fb173665de6007b2) Importer(815301076,1909f56bfc062723c751e8b465ee728b)
Start importing Assets/hex-sliced_134.png using Guid(6dd04035a0523e94fb173665de6007b2) Importer(815301076,1909f56bfc062723c751e8b465ee728b)  -> (artifact id: 'c84728c4dbdc579347abdc41da8959c6') in 0.020529 seconds 
========================================================================
Received Import Request.
  Time since last request: 0.000325 seconds.
  path: Assets/hex-sliced_144.png
  artifactKey: Guid(74eafd52f6d6221439d881ad85f2f9cc) Importer(815301076,1909f56bfc062723c751e8b465ee728b)
Start importing Assets/hex-sliced_144.png using Guid(74eafd52f6d6221439d881ad85f2f9cc) Importer(815301076,1909f56bfc062723c751e8b465ee728b)  -> (artifact id: '18eded9b87d7862a8fe6c64c2305d8b6') in 0.013041 seconds 
========================================================================
Received Import Request.
  Time since last request: 0.000375 seconds.
  path: Assets/hex-sliced_136.png
  artifactKey: Guid(8d84e2c1bba74504183eb497ec92173b) Importer(815301076,1909f56bfc062723c751e8b465ee728b)
Start importing Assets/hex-sliced_136.png using Guid(8d84e2c1bba74504183eb497ec92173b) Importer(815301076,1909f56bfc062723c751e8b465ee728b)  -> (artifact id: '2241ed3786d213e6f34525216c25bc3a') in 0.013579 seconds 
========================================================================
Received Import Request.
  Time since last request: 0.000416 seconds.
  path: Assets/hex-sliced_140.png
  artifactKey: Guid(b1adf2fb8c083cf40aee59ea1eabceb5) Importer(815301076,1909f56bfc062723c751e8b465ee728b)
Start importing Assets/hex-sliced_140.png using Guid(b1adf2fb8c083cf40aee59ea1eabceb5) Importer(815301076,1909f56bfc062723c751e8b465ee728b)  -> (artifact id: '7f912b8347661aa63e572ca64aebfdc7') in 0.022279 seconds 
========================================================================
Received Import Request.
  Time since last request: 0.000322 seconds.
  path: Assets/hex-sliced_133.png
  artifactKey: Guid(238fc5bbd83fb36479a1745b50170fb9) Importer(815301076,1909f56bfc062723c751e8b465ee728b)
Start importing Assets/hex-sliced_133.png using Guid(238fc5bbd83fb36479a1745b50170fb9) Importer(815301076,1909f56bfc062723c751e8b465ee728b)  -> (artifact id: '7703e58699c8b9195fc34c1cc66a0086') in 0.015078 seconds 
========================================================================
Received Import Request.
  Time since last request: 1.960565 seconds.
  path: Assets/hex-sliced_128.png
  artifactKey: Guid(7c381a79a738f094e860c07637b813f4) Importer(815301076,1909f56bfc062723c751e8b465ee728b)
Start importing Assets/hex-sliced_128.png using Guid(7c381a79a738f094e860c07637b813f4) Importer(815301076,1909f56bfc062723c751e8b465ee728b)  -> (artifact id: '98ca24cca287bbb3d9f4c03f945dd0bd') in 0.009771 seconds 
========================================================================
Received Import Request.
  Time since last request: 0.000318 seconds.
  path: Assets/hex-sliced_131.png
  artifactKey: Guid(5dd7b1630dd97514c86bbd8cb5a80780) Importer(815301076,1909f56bfc062723c751e8b465ee728b)
Start importing Assets/hex-sliced_131.png using Guid(5dd7b1630dd97514c86bbd8cb5a80780) Importer(815301076,1909f56bfc062723c751e8b465ee728b)  -> (artifact id: 'b9bb26550bb25b845fa29c27e8a4f66b') in 0.012050 seconds 
========================================================================
Received Import Request.
  Time since last request: 0.000389 seconds.
  path: Assets/hex-sliced_132.png
  artifactKey: Guid(13a00dc85400a1f45bc064f026662425) Importer(815301076,1909f56bfc062723c751e8b465ee728b)
Start importing Assets/hex-sliced_132.png using Guid(13a00dc85400a1f45bc064f026662425) Importer(815301076,1909f56bfc062723c751e8b465ee728b)  -> (artifact id: '7eae57b1e6711d9447d514436f76e556') in 0.016351 seconds 
========================================================================
Received Import Request.
  Time since last request: 0.000390 seconds.
  path: Assets/hex-sliced_129.png
  artifactKey: Guid(d0fe6c1ddb5731649872e1b7fcccdca6) Importer(815301076,1909f56bfc062723c751e8b465ee728b)
Start importing Assets/hex-sliced_129.png using Guid(d0fe6c1ddb5731649872e1b7fcccdca6) Importer(815301076,1909f56bfc062723c751e8b465ee728b)  -> (artifact id: 'cbe50e4301066aaa202b3162799a32b6') in 0.020386 seconds 
========================================================================
Received Import Request.
  Time since last request: 0.000435 seconds.
  path: Assets/hex-sliced_123.png
  artifactKey: Guid(f3fe6f7aa792b3d4e8b914d9fc2ae0b1) Importer(815301076,1909f56bfc062723c751e8b465ee728b)
Start importing Assets/hex-sliced_123.png using Guid(f3fe6f7aa792b3d4e8b914d9fc2ae0b1) Importer(815301076,1909f56bfc062723c751e8b465ee728b)  -> (artifact id: 'c5aadff6ea101ffdd93cbf2f940d5c6a') in 0.019716 seconds 
========================================================================
Received Import Request.
  Time since last request: 0.000334 seconds.
  path: Assets/hex-sliced_127.png
  artifactKey: Guid(a304a66a51ed71b4b90ce9a4960b8459) Importer(815301076,1909f56bfc062723c751e8b465ee728b)
Start importing Assets/hex-sliced_127.png using Guid(a304a66a51ed71b4b90ce9a4960b8459) Importer(815301076,1909f56bfc062723c751e8b465ee728b)  -> (artifact id: 'af39851824ed5829a605b33f25fae47d') in 0.022717 seconds 
========================================================================
Received Import Request.
  Time since last request: 0.000440 seconds.
  path: Assets/hex-sliced_125.png
  artifactKey: Guid(7c987fad305c80147ab676c38691ff40) Importer(815301076,1909f56bfc062723c751e8b465ee728b)
Start importing Assets/hex-sliced_125.png using Guid(7c987fad305c80147ab676c38691ff40) Importer(815301076,1909f56bfc062723c751e8b465ee728b)  -> (artifact id: '90a94f19766ef3959eaeaf76cc5e314f') in 0.027043 seconds 
========================================================================
Received Import Request.
  Time since last request: 0.000372 seconds.
  path: Assets/hex-sliced_124.png
  artifactKey: Guid(1cfbb41a6056a5b47b9ca1cd31088119) Importer(815301076,1909f56bfc062723c751e8b465ee728b)
Start importing Assets/hex-sliced_124.png using Guid(1cfbb41a6056a5b47b9ca1cd31088119) Importer(815301076,1909f56bfc062723c751e8b465ee728b)  -> (artifact id: '97079528f0e0405251808e5b6ddb49d0') in 0.021262 seconds 
========================================================================
Received Import Request.
  Time since last request: 0.000389 seconds.
  path: Assets/hex-sliced_126.png
  artifactKey: Guid(9fbdf46e9f162cb4193b106443454579) Importer(815301076,1909f56bfc062723c751e8b465ee728b)
Start importing Assets/hex-sliced_126.png using Guid(9fbdf46e9f162cb4193b106443454579) Importer(815301076,1909f56bfc062723c751e8b465ee728b)  -> (artifact id: 'a979a152a1efc37cadcbbd24e9c6ebd4') in 0.014140 seconds 
========================================================================
Received Import Request.
  Time since last request: 0.000436 seconds.
  path: Assets/hex-sliced_130.png
  artifactKey: Guid(19b9945941b74ca47b2b1bac0bbcd024) Importer(815301076,1909f56bfc062723c751e8b465ee728b)
Start importing Assets/hex-sliced_130.png using Guid(19b9945941b74ca47b2b1bac0bbcd024) Importer(815301076,1909f56bfc062723c751e8b465ee728b)  -> (artifact id: '73efeb2e714a346756c384ec631b95c7') in 0.012122 seconds 
========================================================================
Received Import Request.
  Time since last request: 0.258113 seconds.
  path: Assets/hex-sliced_117.png
  artifactKey: Guid(525dbdecc22c34544af19652111a707a) Importer(815301076,1909f56bfc062723c751e8b465ee728b)
Start importing Assets/hex-sliced_117.png using Guid(525dbdecc22c34544af19652111a707a) Importer(815301076,1909f56bfc062723c751e8b465ee728b)  -> (artifact id: 'd6d69cf82e2944452149430fda38e065') in 0.011686 seconds 
========================================================================
Received Import Request.
  Time since last request: 0.000425 seconds.
  path: Assets/hex-sliced_119.png
  artifactKey: Guid(8052964ad22f6264d864d136ced34f77) Importer(815301076,1909f56bfc062723c751e8b465ee728b)
Start importing Assets/hex-sliced_119.png using Guid(8052964ad22f6264d864d136ced34f77) Importer(815301076,1909f56bfc062723c751e8b465ee728b)  -> (artifact id: '9c99967c7a9fa1c3e9c06389479388a6') in 0.011754 seconds 
========================================================================
Received Import Request.
  Time since last request: 0.000456 seconds.
  path: Assets/hex-sliced_122.png
  artifactKey: Guid(8037b84a756090b4c8086f6a82e10570) Importer(815301076,1909f56bfc062723c751e8b465ee728b)
Start importing Assets/hex-sliced_122.png using Guid(8037b84a756090b4c8086f6a82e10570) Importer(815301076,1909f56bfc062723c751e8b465ee728b)  -> (artifact id: '742785b9d82297d2cd3cdd8e116189d0') in 0.009877 seconds 
========================================================================
Received Import Request.
  Time since last request: 0.000386 seconds.
  path: Assets/hex-sliced_115.png
  artifactKey: Guid(e04f4d91d39a69048a2f92be01938af9) Importer(815301076,1909f56bfc062723c751e8b465ee728b)
Start importing Assets/hex-sliced_115.png using Guid(e04f4d91d39a69048a2f92be01938af9) Importer(815301076,1909f56bfc062723c751e8b465ee728b)  -> (artifact id: 'ffbfa0eebba6c89c509f95d766aa389f') in 0.010849 seconds 
========================================================================
Received Import Request.
  Time since last request: 0.000356 seconds.
  path: Assets/hex-sliced_111.png
  artifactKey: Guid(5ae7922cbf5ce6341b32836b4121b03f) Importer(815301076,1909f56bfc062723c751e8b465ee728b)
Start importing Assets/hex-sliced_111.png using Guid(5ae7922cbf5ce6341b32836b4121b03f) Importer(815301076,1909f56bfc062723c751e8b465ee728b)  -> (artifact id: '844ddd14c62da7c65b25195a6b4c2300') in 0.012048 seconds 
========================================================================
Received Import Request.
  Time since last request: 0.000387 seconds.
  path: Assets/hex-sliced_107.png
  artifactKey: Guid(2627f32a5be847f46abd61d02b74b73c) Importer(815301076,1909f56bfc062723c751e8b465ee728b)
Start importing Assets/hex-sliced_107.png using Guid(2627f32a5be847f46abd61d02b74b73c) Importer(815301076,1909f56bfc062723c751e8b465ee728b)  -> (artifact id: '58d70d5d01b94f6d9681faac5b515d0d') in 0.011943 seconds 
========================================================================
Received Import Request.
  Time since last request: 0.000388 seconds.
  path: Assets/hex-sliced_113.png
  artifactKey: Guid(8b3e5724bc95a4a40895b8530c8cfb9f) Importer(815301076,1909f56bfc062723c751e8b465ee728b)
Start importing Assets/hex-sliced_113.png using Guid(8b3e5724bc95a4a40895b8530c8cfb9f) Importer(815301076,1909f56bfc062723c751e8b465ee728b)  -> (artifact id: '7201146d48930c3bd914d35f6beb1286') in 0.011038 seconds 
========================================================================
Received Import Request.
  Time since last request: 0.000427 seconds.
  path: Assets/hex-sliced_108.png
  artifactKey: Guid(bdf24eb3133c5ad48a9d8d0a7d3abbfe) Importer(815301076,1909f56bfc062723c751e8b465ee728b)
Start importing Assets/hex-sliced_108.png using Guid(bdf24eb3133c5ad48a9d8d0a7d3abbfe) Importer(815301076,1909f56bfc062723c751e8b465ee728b)  -> (artifact id: '0676b7f316e4c59e159380b242229898') in 0.012737 seconds 
========================================================================
Received Import Request.
  Time since last request: 0.000487 seconds.
  path: Assets/hex-sliced_114.png
  artifactKey: Guid(87dd6c1d4d362914ca198e5aa9388cdb) Importer(815301076,1909f56bfc062723c751e8b465ee728b)
Start importing Assets/hex-sliced_114.png using Guid(87dd6c1d4d362914ca198e5aa9388cdb) Importer(815301076,1909f56bfc062723c751e8b465ee728b)  -> (artifact id: '9a92d54ffb1c9af622aec95678c67ddb') in 0.012334 seconds 
========================================================================
Received Import Request.
  Time since last request: 0.000432 seconds.
  path: Assets/hex-sliced_116.png
  artifactKey: Guid(8aeda9b4c8df5954cb87a91c341ffad6) Importer(815301076,1909f56bfc062723c751e8b465ee728b)
Start importing Assets/hex-sliced_116.png using Guid(8aeda9b4c8df5954cb87a91c341ffad6) Importer(815301076,1909f56bfc062723c751e8b465ee728b)  -> (artifact id: 'bf7899afcd6e8e23eb57d47e41812335') in 0.010372 seconds 
========================================================================
Received Import Request.
  Time since last request: 0.000411 seconds.
  path: Assets/hex-sliced_121.png
  artifactKey: Guid(854dc3984a51a15478d1267600556961) Importer(815301076,1909f56bfc062723c751e8b465ee728b)
Start importing Assets/hex-sliced_121.png using Guid(854dc3984a51a15478d1267600556961) Importer(815301076,1909f56bfc062723c751e8b465ee728b)  -> (artifact id: '6541030ca3a9900eefe6cfea0464428d') in 0.010990 seconds 
========================================================================
Received Import Request.
  Time since last request: 0.000399 seconds.
  path: Assets/hex-sliced_112.png
  artifactKey: Guid(24b75d8360b487340b469c03e4613969) Importer(815301076,1909f56bfc062723c751e8b465ee728b)
Start importing Assets/hex-sliced_112.png using Guid(24b75d8360b487340b469c03e4613969) Importer(815301076,1909f56bfc062723c751e8b465ee728b)  -> (artifact id: 'ceba7f559873415d302d3d08f9842733') in 0.011746 seconds 
========================================================================
Received Import Request.
  Time since last request: 0.000358 seconds.
  path: Assets/hex-sliced_110.png
  artifactKey: Guid(dbe44651b58062041bc288e8ac5e759f) Importer(815301076,1909f56bfc062723c751e8b465ee728b)
Start importing Assets/hex-sliced_110.png using Guid(dbe44651b58062041bc288e8ac5e759f) Importer(815301076,1909f56bfc062723c751e8b465ee728b)  -> (artifact id: '22c10c87997c225f5388cb3e62b75b7d') in 0.011169 seconds 
========================================================================
Received Import Request.
  Time since last request: 0.000386 seconds.
  path: Assets/hex-sliced_109.png
  artifactKey: Guid(9438545e1c107a14693c813f366facdd) Importer(815301076,1909f56bfc062723c751e8b465ee728b)
Start importing Assets/hex-sliced_109.png using Guid(9438545e1c107a14693c813f366facdd) Importer(815301076,1909f56bfc062723c751e8b465ee728b)  -> (artifact id: 'ddfac0e894f47a08a51c74a1b81875d1') in 0.013036 seconds 
========================================================================
Received Import Request.
  Time since last request: 0.000465 seconds.
  path: Assets/hex-sliced_120.png
  artifactKey: Guid(1bb95c79581a96c49ac33c9b59099526) Importer(815301076,1909f56bfc062723c751e8b465ee728b)
Start importing Assets/hex-sliced_120.png using Guid(1bb95c79581a96c49ac33c9b59099526) Importer(815301076,1909f56bfc062723c751e8b465ee728b)  -> (artifact id: 'c052c2b06777b953e7250260f61320b2') in 0.014074 seconds 
========================================================================
Received Import Request.
  Time since last request: 8.260578 seconds.
  path: Assets/hex-sliced_01.png
  artifactKey: Guid(8e3ff52f9c2dceb4eaab062e6afdc54d) Importer(815301076,1909f56bfc062723c751e8b465ee728b)
Start importing Assets/hex-sliced_01.png using Guid(8e3ff52f9c2dceb4eaab062e6afdc54d) Importer(815301076,1909f56bfc062723c751e8b465ee728b)  -> (artifact id: '1e7cf9f40cc069976cb2df5da6b6242f') in 0.017017 seconds 
========================================================================
Received Import Request.
  Time since last request: 0.000411 seconds.
  path: Assets/hex-sliced_03.png
  artifactKey: Guid(5089d85697050a645b62ffedb00852af) Importer(815301076,1909f56bfc062723c751e8b465ee728b)
Start importing Assets/hex-sliced_03.png using Guid(5089d85697050a645b62ffedb00852af) Importer(815301076,1909f56bfc062723c751e8b465ee728b)  -> (artifact id: 'd705d9fc7e9ac2d20d902aab68cfda13') in 0.027219 seconds 
========================================================================
Received Import Request.
  Time since last request: 0.000373 seconds.
  path: Assets/hex-sliced_17.png
  artifactKey: Guid(9b0261274583e7f4f8044e523615dab5) Importer(815301076,1909f56bfc062723c751e8b465ee728b)
Start importing Assets/hex-sliced_17.png using Guid(9b0261274583e7f4f8044e523615dab5) Importer(815301076,1909f56bfc062723c751e8b465ee728b)  -> (artifact id: '1d433051d8ce7ff7e4ea0e5fc09fb648') in 0.030883 seconds 
========================================================================
Received Import Request.
  Time since last request: 0.000353 seconds.
  path: Assets/hex-sliced_18.png
  artifactKey: Guid(7eaa3db6e25f55d41bfcfe1e79bce832) Importer(815301076,1909f56bfc062723c751e8b465ee728b)
Start importing Assets/hex-sliced_18.png using Guid(7eaa3db6e25f55d41bfcfe1e79bce832) Importer(815301076,1909f56bfc062723c751e8b465ee728b)  -> (artifact id: 'cdee64e2bac548ff258130f2d151c17f') in 0.023520 seconds 
========================================================================
Received Import Request.
  Time since last request: 0.000419 seconds.
  path: Assets/hex-sliced_02.png
  artifactKey: Guid(e4997bb2ecf5c4c4782c65670c79dfba) Importer(815301076,1909f56bfc062723c751e8b465ee728b)
Start importing Assets/hex-sliced_02.png using Guid(e4997bb2ecf5c4c4782c65670c79dfba) Importer(815301076,1909f56bfc062723c751e8b465ee728b)  -> (artifact id: '835eee029933d6171b9b2e81e3002344') in 0.014834 seconds 
========================================================================
Received Import Request.
  Time since last request: 0.000396 seconds.
  path: Assets/hex-sliced_04.png
  artifactKey: Guid(f184628ae1f931b4a85438fe8a13b90f) Importer(815301076,1909f56bfc062723c751e8b465ee728b)
Start importing Assets/hex-sliced_04.png using Guid(f184628ae1f931b4a85438fe8a13b90f) Importer(815301076,1909f56bfc062723c751e8b465ee728b)  -> (artifact id: 'c4367c74c118e997fb419f57435d08b6') in 0.022559 seconds 
========================================================================
Received Import Request.
  Time since last request: 0.000345 seconds.
  path: Assets/hex-sliced_12.png
  artifactKey: Guid(c91f8b4432f49724f895f3abf4cc5894) Importer(815301076,1909f56bfc062723c751e8b465ee728b)
Start importing Assets/hex-sliced_12.png using Guid(c91f8b4432f49724f895f3abf4cc5894) Importer(815301076,1909f56bfc062723c751e8b465ee728b)  -> (artifact id: 'f05f247236ed8dad4b8778c921ce11a1') in 0.022854 seconds 
========================================================================
Received Import Request.
  Time since last request: 0.000337 seconds.
  path: Assets/hex-sliced_16.png
  artifactKey: Guid(2fc7724454fba6845b4a9a4faaaf2ffe) Importer(815301076,1909f56bfc062723c751e8b465ee728b)
Start importing Assets/hex-sliced_16.png using Guid(2fc7724454fba6845b4a9a4faaaf2ffe) Importer(815301076,1909f56bfc062723c751e8b465ee728b)  -> (artifact id: 'd8655a3fd6ae1019506110ba1c6b248d') in 0.020603 seconds 
========================================================================
Received Import Request.
  Time since last request: 0.000383 seconds.
  path: Assets/hex-sliced_07.png
  artifactKey: Guid(4fae455c8fa37ee4b85f043ad2911889) Importer(815301076,1909f56bfc062723c751e8b465ee728b)
Start importing Assets/hex-sliced_07.png using Guid(4fae455c8fa37ee4b85f043ad2911889) Importer(815301076,1909f56bfc062723c751e8b465ee728b)  -> (artifact id: 'b899454fdd40a5cd144f05d580d429ee') in 0.014144 seconds 
========================================================================
Received Import Request.
  Time since last request: 0.000331 seconds.
  path: Assets/hex-sliced_09.png
  artifactKey: Guid(94e90e260a3b685458a33a90065b1b7f) Importer(815301076,1909f56bfc062723c751e8b465ee728b)
Start importing Assets/hex-sliced_09.png using Guid(94e90e260a3b685458a33a90065b1b7f) Importer(815301076,1909f56bfc062723c751e8b465ee728b)  -> (artifact id: 'aa067eeddaaa9c5bd35b4edc14a81a7a') in 0.012151 seconds 
========================================================================
Received Import Request.
  Time since last request: 0.000418 seconds.
  path: Assets/hex-sliced_10.png
  artifactKey: Guid(43a96d0c3d17e5d48a52d88ce872702e) Importer(815301076,1909f56bfc062723c751e8b465ee728b)
Start importing Assets/hex-sliced_10.png using Guid(43a96d0c3d17e5d48a52d88ce872702e) Importer(815301076,1909f56bfc062723c751e8b465ee728b)  -> (artifact id: 'a289803b03f7c972694d2f7614447d89') in 0.013916 seconds 
========================================================================
Received Import Request.
  Time since last request: 0.000444 seconds.
  path: Assets/hex-sliced_11.png
  artifactKey: Guid(097812f8d62e66c47889d5df324897bc) Importer(815301076,1909f56bfc062723c751e8b465ee728b)
Start importing Assets/hex-sliced_11.png using Guid(097812f8d62e66c47889d5df324897bc) Importer(815301076,1909f56bfc062723c751e8b465ee728b)  -> (artifact id: '8eef2dbb15ebf7f7c885972d12e13b29') in 0.016124 seconds 
========================================================================
Received Import Request.
  Time since last request: 0.000413 seconds.
  path: Assets/hex-sliced_15.png
  artifactKey: Guid(be06357f23f0d5f418039b024b8c0057) Importer(815301076,1909f56bfc062723c751e8b465ee728b)
Start importing Assets/hex-sliced_15.png using Guid(be06357f23f0d5f418039b024b8c0057) Importer(815301076,1909f56bfc062723c751e8b465ee728b)  -> (artifact id: 'a162f5f4212b668c10e3ce929c1a9602') in 0.014092 seconds 
========================================================================
Received Import Request.
  Time since last request: 0.000296 seconds.
  path: Assets/hex-sliced_08.png
  artifactKey: Guid(fe69c314077b78142a0e46d28f8d4f28) Importer(815301076,1909f56bfc062723c751e8b465ee728b)
Start importing Assets/hex-sliced_08.png using Guid(fe69c314077b78142a0e46d28f8d4f28) Importer(815301076,1909f56bfc062723c751e8b465ee728b)  -> (artifact id: 'd179b56faf3c1ea8b4e121730ea5d80b') in 0.011971 seconds 
========================================================================
Received Import Request.
  Time since last request: 0.000424 seconds.
  path: Assets/hex-sliced_14.png
  artifactKey: Guid(24866905732cd3a449f06ec26183111d) Importer(815301076,1909f56bfc062723c751e8b465ee728b)
Start importing Assets/hex-sliced_14.png using Guid(24866905732cd3a449f06ec26183111d) Importer(815301076,1909f56bfc062723c751e8b465ee728b)  -> (artifact id: '556d27f02a8fe098398efb0b484fa492') in 0.015953 seconds 
========================================================================
Received Import Request.
  Time since last request: 0.000400 seconds.
  path: Assets/hex-sliced_19.png
  artifactKey: Guid(59977761eef99954fbd325f41ea27068) Importer(815301076,1909f56bfc062723c751e8b465ee728b)
Start importing Assets/hex-sliced_19.png using Guid(59977761eef99954fbd325f41ea27068) Importer(815301076,1909f56bfc062723c751e8b465ee728b)  -> (artifact id: 'cfbcc83def72b64e42999c6659f18afb') in 0.015782 seconds 
========================================================================
Received Import Request.
  Time since last request: 0.000387 seconds.
  path: Assets/hex-sliced_06.png
  artifactKey: Guid(398ab2f6a34377b4ab8c5496637b70dd) Importer(815301076,1909f56bfc062723c751e8b465ee728b)
Start importing Assets/hex-sliced_06.png using Guid(398ab2f6a34377b4ab8c5496637b70dd) Importer(815301076,1909f56bfc062723c751e8b465ee728b)  -> (artifact id: '0cfae66f2ab434f6c7e5a41179fd4744') in 0.015619 seconds 
========================================================================
Received Import Request.
  Time since last request: 0.000345 seconds.
  path: Assets/hex-sliced_13.png
  artifactKey: Guid(eda7cf30e28d3f642b1c7614fd6053e1) Importer(815301076,1909f56bfc062723c751e8b465ee728b)
Start importing Assets/hex-sliced_13.png using Guid(eda7cf30e28d3f642b1c7614fd6053e1) Importer(815301076,1909f56bfc062723c751e8b465ee728b)  -> (artifact id: '851ea03c94a7b9d3eaa628e89c7ead53') in 0.013687 seconds 
========================================================================
Received Import Request.
  Time since last request: 0.000357 seconds.
  path: Assets/hex-sliced_05.png
  artifactKey: Guid(b6d9a0bcf616dae4b872bcb95f35cb81) Importer(815301076,1909f56bfc062723c751e8b465ee728b)
Start importing Assets/hex-sliced_05.png using Guid(b6d9a0bcf616dae4b872bcb95f35cb81) Importer(815301076,1909f56bfc062723c751e8b465ee728b)  -> (artifact id: '50531f9654312bceb4899c082c5f5d49') in 0.014225 seconds 
========================================================================
Received Import Request.
  Time since last request: 2.694062 seconds.
  path: Assets/New Folder
  artifactKey: Guid(96964df2b6474e745abeaa1a972d3569) Importer(815301076,1909f56bfc062723c751e8b465ee728b)
Start importing Assets/New Folder using Guid(96964df2b6474e745abeaa1a972d3569) Importer(815301076,1909f56bfc062723c751e8b465ee728b)  -> (artifact id: '6929b7c1f2b3fdff7646bf366e34692a') in 0.003007 seconds 
========================================================================
Received Import Request.
  Time since last request: 1.020725 seconds.
  path: Assets/hex-sliced_20.png
  artifactKey: Guid(3652f8399e7076c4f8a6ec4da5fcbb35) Importer(815301076,1909f56bfc062723c751e8b465ee728b)
Start importing Assets/hex-sliced_20.png using Guid(3652f8399e7076c4f8a6ec4da5fcbb35) Importer(815301076,1909f56bfc062723c751e8b465ee728b)  -> (artifact id: '3f5ae663d152020e01de4d4c2ca8e012') in 0.018431 seconds 
========================================================================
Received Import Request.
  Time since last request: 0.000324 seconds.
  path: Assets/hex-sliced_24.png
  artifactKey: Guid(5d774701bb33d0c4b9f271993de2044c) Importer(815301076,1909f56bfc062723c751e8b465ee728b)
Start importing Assets/hex-sliced_24.png using Guid(5d774701bb33d0c4b9f271993de2044c) Importer(815301076,1909f56bfc062723c751e8b465ee728b)  -> (artifact id: 'cda6373d459a9c69d565a75348f98063') in 0.020829 seconds 
========================================================================
Received Import Request.
  Time since last request: 0.000450 seconds.
  path: Assets/hex-sliced_23.png
  artifactKey: Guid(d925e02e701bf13458f75bc4d6138313) Importer(815301076,1909f56bfc062723c751e8b465ee728b)
Start importing Assets/hex-sliced_23.png using Guid(d925e02e701bf13458f75bc4d6138313) Importer(815301076,1909f56bfc062723c751e8b465ee728b)  -> (artifact id: '6e2fc70db1dbc32cae8d8f4f03241085') in 0.013308 seconds 
========================================================================
Received Import Request.
  Time since last request: 0.000420 seconds.
  path: Assets/hex-sliced_31.png
  artifactKey: Guid(93314a35850042e4e8d9222aba50c2f3) Importer(815301076,1909f56bfc062723c751e8b465ee728b)
Start importing Assets/hex-sliced_31.png using Guid(93314a35850042e4e8d9222aba50c2f3) Importer(815301076,1909f56bfc062723c751e8b465ee728b)  -> (artifact id: '205f14f7425ba90f5bd6fad9d463a8b5') in 0.016943 seconds 
========================================================================
Received Import Request.
  Time since last request: 0.000311 seconds.
  path: Assets/hex-sliced_33.png
  artifactKey: Guid(fce2ff0573cbf2b448855b6e5cb12500) Importer(815301076,1909f56bfc062723c751e8b465ee728b)
Start importing Assets/hex-sliced_33.png using Guid(fce2ff0573cbf2b448855b6e5cb12500) Importer(815301076,1909f56bfc062723c751e8b465ee728b)  -> (artifact id: '62a0c0d4eb40b8d03bad599386be02da') in 0.019124 seconds 
========================================================================
Received Import Request.
  Time since last request: 0.000381 seconds.
  path: Assets/hex-sliced_37.png
  artifactKey: Guid(e6b4ff5e8f61291428538b7175947f37) Importer(815301076,1909f56bfc062723c751e8b465ee728b)
Start importing Assets/hex-sliced_37.png using Guid(e6b4ff5e8f61291428538b7175947f37) Importer(815301076,1909f56bfc062723c751e8b465ee728b)  -> (artifact id: '9e3d83ca8a6b5cebc9bb3a8f31266815') in 0.014976 seconds 
========================================================================
Received Import Request.
  Time since last request: 0.000422 seconds.
  path: Assets/hex-sliced_40.png
  artifactKey: Guid(f0bab9fc3745c994dafac0ed7d359272) Importer(815301076,1909f56bfc062723c751e8b465ee728b)
Start importing Assets/hex-sliced_40.png using Guid(f0bab9fc3745c994dafac0ed7d359272) Importer(815301076,1909f56bfc062723c751e8b465ee728b)  -> (artifact id: 'a2917874429a5eac1b09fdde1ed72056') in 0.018939 seconds 
========================================================================
Received Import Request.
  Time since last request: 0.000518 seconds.
  path: Assets/hex-sliced_39.png
  artifactKey: Guid(b7d2249c5fb2eb6409e9eeb9adc57977) Importer(815301076,1909f56bfc062723c751e8b465ee728b)
Start importing Assets/hex-sliced_39.png using Guid(b7d2249c5fb2eb6409e9eeb9adc57977) Importer(815301076,1909f56bfc062723c751e8b465ee728b)  -> (artifact id: 'd62023b848b01a3ac68fe97a3e3d6fe4') in 0.020361 seconds 
========================================================================
Received Import Request.
  Time since last request: 0.000354 seconds.
  path: Assets/hex-sliced_25.png
  artifactKey: Guid(292f369acffed464fb737fae542c1d8b) Importer(815301076,1909f56bfc062723c751e8b465ee728b)
Start importing Assets/hex-sliced_25.png using Guid(292f369acffed464fb737fae542c1d8b) Importer(815301076,1909f56bfc062723c751e8b465ee728b)  -> (artifact id: '188e2e66b8cb829469ceb00c5d9bd3a3') in 0.020676 seconds 
========================================================================
Received Import Request.
  Time since last request: 0.000396 seconds.
  path: Assets/hex-sliced_26.png
  artifactKey: Guid(92f11511afd842e44b7d744ee31fea09) Importer(815301076,1909f56bfc062723c751e8b465ee728b)
Start importing Assets/hex-sliced_26.png using Guid(92f11511afd842e44b7d744ee31fea09) Importer(815301076,1909f56bfc062723c751e8b465ee728b)  -> (artifact id: '45ea5495a196821aa7be2ef42e88619b') in 0.015546 seconds 
========================================================================
Received Import Request.
  Time since last request: 0.000321 seconds.
  path: Assets/hex-sliced_27.png
  artifactKey: Guid(e870504af5bf13d4fbecaa2cc2ec0aa0) Importer(815301076,1909f56bfc062723c751e8b465ee728b)
Start importing Assets/hex-sliced_27.png using Guid(e870504af5bf13d4fbecaa2cc2ec0aa0) Importer(815301076,1909f56bfc062723c751e8b465ee728b)  -> (artifact id: '6a875a2fba677cc9853c824eae98c6dc') in 0.011171 seconds 
========================================================================
Received Import Request.
  Time since last request: 0.000398 seconds.
  path: Assets/hex-sliced_38.png
  artifactKey: Guid(4d0f98cd974651341bd227435e828600) Importer(815301076,1909f56bfc062723c751e8b465ee728b)
Start importing Assets/hex-sliced_38.png using Guid(4d0f98cd974651341bd227435e828600) Importer(815301076,1909f56bfc062723c751e8b465ee728b)  -> (artifact id: '5c1786cc655999154bbe837b82d9a1eb') in 0.010764 seconds 
========================================================================
Received Import Request.
  Time since last request: 0.000319 seconds.
  path: Assets/hex-sliced_36.png
  artifactKey: Guid(e005ae935b0d9a345ab44d0a38d761b1) Importer(815301076,1909f56bfc062723c751e8b465ee728b)
Start importing Assets/hex-sliced_36.png using Guid(e005ae935b0d9a345ab44d0a38d761b1) Importer(815301076,1909f56bfc062723c751e8b465ee728b)  -> (artifact id: 'e171dd85262679570d70492194113b41') in 0.013114 seconds 
========================================================================
Received Import Request.
  Time since last request: 0.000385 seconds.
  path: Assets/hex-sliced_28.png
  artifactKey: Guid(2a38597c78c2a1c47a16b1d0a51de519) Importer(815301076,1909f56bfc062723c751e8b465ee728b)
Start importing Assets/hex-sliced_28.png using Guid(2a38597c78c2a1c47a16b1d0a51de519) Importer(815301076,1909f56bfc062723c751e8b465ee728b)  -> (artifact id: '2364c57ba4fb9e7de2ba8ed56961e037') in 0.013329 seconds 
========================================================================
Received Import Request.
  Time since last request: 0.000391 seconds.
  path: Assets/hex-sliced_29.png
  artifactKey: Guid(fa2c00cdcde079242a4bb731f82dbb72) Importer(815301076,1909f56bfc062723c751e8b465ee728b)
Start importing Assets/hex-sliced_29.png using Guid(fa2c00cdcde079242a4bb731f82dbb72) Importer(815301076,1909f56bfc062723c751e8b465ee728b)  -> (artifact id: 'cd58cb5c45c94d22589a4b84171eae9e') in 0.013698 seconds 
========================================================================
Received Import Request.
  Time since last request: 0.000400 seconds.
  path: Assets/hex-sliced_42.png
  artifactKey: Guid(465a634e30677bb40927c878d1cde4dc) Importer(815301076,1909f56bfc062723c751e8b465ee728b)
Start importing Assets/hex-sliced_42.png using Guid(465a634e30677bb40927c878d1cde4dc) Importer(815301076,1909f56bfc062723c751e8b465ee728b)  -> (artifact id: '671aaedfc98579d6f74836ee83d71eb8') in 0.012014 seconds 
========================================================================
Received Import Request.
  Time since last request: 0.000395 seconds.
  path: Assets/hex-sliced_48.png
  artifactKey: Guid(12254f5756ad56e44b332521e9fdbe8c) Importer(815301076,1909f56bfc062723c751e8b465ee728b)
Start importing Assets/hex-sliced_48.png using Guid(12254f5756ad56e44b332521e9fdbe8c) Importer(815301076,1909f56bfc062723c751e8b465ee728b)  -> (artifact id: '6638b25b8c09d379cbefb194d030c935') in 0.014694 seconds 
========================================================================
Received Import Request.
  Time since last request: 0.000345 seconds.
  path: Assets/hex-sliced_52.png
  artifactKey: Guid(808ea40c16c25904789b6c1ee94ffa73) Importer(815301076,1909f56bfc062723c751e8b465ee728b)
Start importing Assets/hex-sliced_52.png using Guid(808ea40c16c25904789b6c1ee94ffa73) Importer(815301076,1909f56bfc062723c751e8b465ee728b)  -> (artifact id: '05a83bcbe13398bc7b0e85249f92df79') in 0.012556 seconds 
========================================================================
Received Import Request.
  Time since last request: 0.000317 seconds.
  path: Assets/hex-sliced_50.png
  artifactKey: Guid(80a678624f86bdf4a8ada4d67cd51f09) Importer(815301076,1909f56bfc062723c751e8b465ee728b)
Start importing Assets/hex-sliced_50.png using Guid(80a678624f86bdf4a8ada4d67cd51f09) Importer(815301076,1909f56bfc062723c751e8b465ee728b)  -> (artifact id: 'd08acd62a9fbcc5177d6c4bd8056df95') in 0.013437 seconds 
========================================================================
Received Import Request.
  Time since last request: 0.000384 seconds.
  path: Assets/hex-sliced_53.png
  artifactKey: Guid(fd1a8160a052eb6478a9ed59a0d53967) Importer(815301076,1909f56bfc062723c751e8b465ee728b)
Start importing Assets/hex-sliced_53.png using Guid(fd1a8160a052eb6478a9ed59a0d53967) Importer(815301076,1909f56bfc062723c751e8b465ee728b)  -> (artifact id: '34dc9619d48cc423004783bb343355d6') in 0.010584 seconds 
========================================================================
Received Import Request.
  Time since last request: 0.000360 seconds.
  path: Assets/hex-sliced_65.png
  artifactKey: Guid(7b1350662ba31eb4a92eee96bceac521) Importer(815301076,1909f56bfc062723c751e8b465ee728b)
Start importing Assets/hex-sliced_65.png using Guid(7b1350662ba31eb4a92eee96bceac521) Importer(815301076,1909f56bfc062723c751e8b465ee728b)  -> (artifact id: '33bea75f6ccac5353d806470e665cd40') in 0.011128 seconds 
========================================================================
Received Import Request.
  Time since last request: 0.000292 seconds.
  path: Assets/hex-sliced_55.png
  artifactKey: Guid(89d8c608904c14948af8f908985fe54f) Importer(815301076,1909f56bfc062723c751e8b465ee728b)
Start importing Assets/hex-sliced_55.png using Guid(89d8c608904c14948af8f908985fe54f) Importer(815301076,1909f56bfc062723c751e8b465ee728b)  -> (artifact id: 'f17234fb9717a07d3297c0dec2ea9ccf') in 0.010430 seconds 
========================================================================
Received Import Request.
  Time since last request: 0.000312 seconds.
  path: Assets/hex-sliced_57.png
  artifactKey: Guid(cfd88a7699551a14daf871d8ac1df428) Importer(815301076,1909f56bfc062723c751e8b465ee728b)
Start importing Assets/hex-sliced_57.png using Guid(cfd88a7699551a14daf871d8ac1df428) Importer(815301076,1909f56bfc062723c751e8b465ee728b)  -> (artifact id: '4e8a20d968db892b2a0169e6b5730306') in 0.010662 seconds 
========================================================================
Received Import Request.
  Time since last request: 0.000388 seconds.
  path: Assets/hex-sliced_64.png
  artifactKey: Guid(08b5e96c6a36be54896af8778539bbc4) Importer(815301076,1909f56bfc062723c751e8b465ee728b)
Start importing Assets/hex-sliced_64.png using Guid(08b5e96c6a36be54896af8778539bbc4) Importer(815301076,1909f56bfc062723c751e8b465ee728b)  -> (artifact id: '2f865580fc970ee7effcdc43ca86934e') in 0.012566 seconds 
========================================================================
Received Import Request.
  Time since last request: 0.000340 seconds.
  path: Assets/hex-sliced_63.png
  artifactKey: Guid(d13cf459109086b479999a0e95c3111b) Importer(815301076,1909f56bfc062723c751e8b465ee728b)
Start importing Assets/hex-sliced_63.png using Guid(d13cf459109086b479999a0e95c3111b) Importer(815301076,1909f56bfc062723c751e8b465ee728b)  -> (artifact id: '6e825bf1a1c73133819147a147a5934d') in 0.009973 seconds 
========================================================================
Received Import Request.
  Time since last request: 0.000329 seconds.
  path: Assets/hex-sliced_46.png
  artifactKey: Guid(692cca44ba5fbc24291b08e5b399e12f) Importer(815301076,1909f56bfc062723c751e8b465ee728b)
Start importing Assets/hex-sliced_46.png using Guid(692cca44ba5fbc24291b08e5b399e12f) Importer(815301076,1909f56bfc062723c751e8b465ee728b)  -> (artifact id: '385d26da52b9875d95336a9b96b67149') in 0.012892 seconds 
========================================================================
Received Import Request.
  Time since last request: 0.000334 seconds.
  path: Assets/hex-sliced_47.png
  artifactKey: Guid(ad3b7e993e87a4e45bc9260ebdabc701) Importer(815301076,1909f56bfc062723c751e8b465ee728b)
Start importing Assets/hex-sliced_47.png using Guid(ad3b7e993e87a4e45bc9260ebdabc701) Importer(815301076,1909f56bfc062723c751e8b465ee728b)  -> (artifact id: 'bc801b7e3d2d9eda9caf84b20a6f455d') in 0.012390 seconds 
========================================================================
Received Import Request.
  Time since last request: 0.000362 seconds.
  path: Assets/hex-sliced_44.png
  artifactKey: Guid(ab394a085a90a6242a2374be7ad3e27c) Importer(815301076,1909f56bfc062723c751e8b465ee728b)
Start importing Assets/hex-sliced_44.png using Guid(ab394a085a90a6242a2374be7ad3e27c) Importer(815301076,1909f56bfc062723c751e8b465ee728b)  -> (artifact id: '11b07c97dd5ee4109fecd1b4cd2ea66a') in 0.010663 seconds 
========================================================================
Received Import Request.
  Time since last request: 0.000279 seconds.
  path: Assets/hex-sliced_58.png
  artifactKey: Guid(3502319b21439e843b655c546c9f1dd6) Importer(815301076,1909f56bfc062723c751e8b465ee728b)
Start importing Assets/hex-sliced_58.png using Guid(3502319b21439e843b655c546c9f1dd6) Importer(815301076,1909f56bfc062723c751e8b465ee728b)  -> (artifact id: '2d4ea57091bb865beebb601cf49582b8') in 0.013568 seconds 
========================================================================
Received Import Request.
  Time since last request: 0.000289 seconds.
  path: Assets/hex-sliced_54.png
  artifactKey: Guid(2ce5d8d6e4a0f034d96ad0cb766f4aad) Importer(815301076,1909f56bfc062723c751e8b465ee728b)
Start importing Assets/hex-sliced_54.png using Guid(2ce5d8d6e4a0f034d96ad0cb766f4aad) Importer(815301076,1909f56bfc062723c751e8b465ee728b)  -> (artifact id: '8dd94604d05acec8a4918692b0cca968') in 0.010628 seconds 
========================================================================
Received Import Request.
  Time since last request: 0.000277 seconds.
  path: Assets/hex-sliced_62.png
  artifactKey: Guid(6a5cafb8db32f5944ba2dd73bed348ec) Importer(815301076,1909f56bfc062723c751e8b465ee728b)
Start importing Assets/hex-sliced_62.png using Guid(6a5cafb8db32f5944ba2dd73bed348ec) Importer(815301076,1909f56bfc062723c751e8b465ee728b)  -> (artifact id: 'f83f1d22f22043e3872d5b7451342b35') in 0.011300 seconds 
========================================================================
Received Import Request.
  Time since last request: 0.000289 seconds.
  path: Assets/hex-sliced_59.png
  artifactKey: Guid(3e768e419058330409b106c4d7248fca) Importer(815301076,1909f56bfc062723c751e8b465ee728b)
Start importing Assets/hex-sliced_59.png using Guid(3e768e419058330409b106c4d7248fca) Importer(815301076,1909f56bfc062723c751e8b465ee728b)  -> (artifact id: '11fcb098a5f8e2cb9cdef5fa9a63c5b7') in 0.013575 seconds 
========================================================================
Received Import Request.
  Time since last request: 0.000437 seconds.
  path: Assets/hex-sliced_67.png
  artifactKey: Guid(c04fe6de1cf593f4d9b03d674a651c51) Importer(815301076,1909f56bfc062723c751e8b465ee728b)
Start importing Assets/hex-sliced_67.png using Guid(c04fe6de1cf593f4d9b03d674a651c51) Importer(815301076,1909f56bfc062723c751e8b465ee728b)  -> (artifact id: '2441febfde2304189caa25ca1e377477') in 0.011260 seconds 
========================================================================
Received Import Request.
  Time since last request: 0.000322 seconds.
  path: Assets/hex-sliced_70.png
  artifactKey: Guid(b6c8c6278083cc248a7134641a4d40d8) Importer(815301076,1909f56bfc062723c751e8b465ee728b)
Start importing Assets/hex-sliced_70.png using Guid(b6c8c6278083cc248a7134641a4d40d8) Importer(815301076,1909f56bfc062723c751e8b465ee728b)  -> (artifact id: 'c7a639b3b737cb40ed0779aee69dcb7a') in 0.012068 seconds 
========================================================================
Received Import Request.
  Time since last request: 0.000368 seconds.
  path: Assets/hex-sliced_73.png
  artifactKey: Guid(bf699ee2ca22b0245b5033ec14a834f7) Importer(815301076,1909f56bfc062723c751e8b465ee728b)
Start importing Assets/hex-sliced_73.png using Guid(bf699ee2ca22b0245b5033ec14a834f7) Importer(815301076,1909f56bfc062723c751e8b465ee728b)  -> (artifact id: 'ee6c32debffebe347fda572e3f07dd3f') in 0.010428 seconds 
========================================================================
Received Import Request.
  Time since last request: 0.000373 seconds.
  path: Assets/hex-sliced_68.png
  artifactKey: Guid(1062dcee60289b8409bb2650e6924ac4) Importer(815301076,1909f56bfc062723c751e8b465ee728b)
Start importing Assets/hex-sliced_68.png using Guid(1062dcee60289b8409bb2650e6924ac4) Importer(815301076,1909f56bfc062723c751e8b465ee728b)  -> (artifact id: 'af6906fa148ca4f7ca793952cba11190') in 0.010108 seconds 
========================================================================
Received Import Request.
  Time since last request: 0.000356 seconds.
  path: Assets/hex-sliced_84.png
  artifactKey: Guid(11539425e3894294b8ab3c34657beb61) Importer(815301076,1909f56bfc062723c751e8b465ee728b)
Start importing Assets/hex-sliced_84.png using Guid(11539425e3894294b8ab3c34657beb61) Importer(815301076,1909f56bfc062723c751e8b465ee728b)  -> (artifact id: '506c3cc5ad2317d05dec44320b19e208') in 0.010479 seconds 
========================================================================
Received Import Request.
  Time since last request: 0.000345 seconds.
  path: Assets/hex-sliced_80.png
  artifactKey: Guid(15f0fa5ca6882124fac5154562124ccd) Importer(815301076,1909f56bfc062723c751e8b465ee728b)
Start importing Assets/hex-sliced_80.png using Guid(15f0fa5ca6882124fac5154562124ccd) Importer(815301076,1909f56bfc062723c751e8b465ee728b)  -> (artifact id: '6f8b59029b58ad91359ade3c308a84e7') in 0.010660 seconds 
========================================================================
Received Import Request.
  Time since last request: 0.000353 seconds.
  path: Assets/hex-sliced_79.png
  artifactKey: Guid(426834f5ee87559459756189c642aae2) Importer(815301076,1909f56bfc062723c751e8b465ee728b)
Start importing Assets/hex-sliced_79.png using Guid(426834f5ee87559459756189c642aae2) Importer(815301076,1909f56bfc062723c751e8b465ee728b)  -> (artifact id: '4d5b0c9a26e344bdfb51565c5a130692') in 0.011807 seconds 
========================================================================
Received Import Request.
  Time since last request: 0.000376 seconds.
  path: Assets/hex-sliced_90.png
  artifactKey: Guid(226f4271e5749434fa9a40aa9b6c79ce) Importer(815301076,1909f56bfc062723c751e8b465ee728b)
Start importing Assets/hex-sliced_90.png using Guid(226f4271e5749434fa9a40aa9b6c79ce) Importer(815301076,1909f56bfc062723c751e8b465ee728b)  -> (artifact id: '80cd63b1df11965a87a6620ec4133a81') in 0.011092 seconds 
========================================================================
Received Import Request.
  Time since last request: 0.000414 seconds.
  path: Assets/hex-sliced_69.png
  artifactKey: Guid(a40cae1b381ecd7428f718efe6879812) Importer(815301076,1909f56bfc062723c751e8b465ee728b)
Start importing Assets/hex-sliced_69.png using Guid(a40cae1b381ecd7428f718efe6879812) Importer(815301076,1909f56bfc062723c751e8b465ee728b)  -> (artifact id: '689b046c1fc408824a6518078c42470c') in 0.010725 seconds 
========================================================================
Received Import Request.
  Time since last request: 0.000336 seconds.
  path: Assets/hex-sliced_85.png
  artifactKey: Guid(7ad4f4481ca039c4f98137e4ed3f7f65) Importer(815301076,1909f56bfc062723c751e8b465ee728b)
Start importing Assets/hex-sliced_85.png using Guid(7ad4f4481ca039c4f98137e4ed3f7f65) Importer(815301076,1909f56bfc062723c751e8b465ee728b)  -> (artifact id: '6f4a8cc5a594e61dbb25938974a2b2fd') in 0.010516 seconds 
========================================================================
Received Import Request.
  Time since last request: 0.000403 seconds.
  path: Assets/hex-sliced_41.png
  artifactKey: Guid(9b2d9ff89eadb3a46bdc3c4245a62f9d) Importer(815301076,1909f56bfc062723c751e8b465ee728b)
Start importing Assets/hex-sliced_41.png using Guid(9b2d9ff89eadb3a46bdc3c4245a62f9d) Importer(815301076,1909f56bfc062723c751e8b465ee728b)  -> (artifact id: '5490a1dd76c8f0b830821cf632a0db32') in 0.011906 seconds 
========================================================================
Received Import Request.
  Time since last request: 0.000344 seconds.
  path: Assets/hex-sliced_60.png
  artifactKey: Guid(055eef1d30f43e54eab61025aa63fb81) Importer(815301076,1909f56bfc062723c751e8b465ee728b)
Start importing Assets/hex-sliced_60.png using Guid(055eef1d30f43e54eab61025aa63fb81) Importer(815301076,1909f56bfc062723c751e8b465ee728b)  -> (artifact id: '210854eab8288d8893867a2eabced374') in 0.011549 seconds 
========================================================================
Received Import Request.
  Time since last request: 0.000385 seconds.
  path: Assets/hex-sliced_71.png
  artifactKey: Guid(b355eb7fc9137cd4d856a0fa1f7ad23e) Importer(815301076,1909f56bfc062723c751e8b465ee728b)
Start importing Assets/hex-sliced_71.png using Guid(b355eb7fc9137cd4d856a0fa1f7ad23e) Importer(815301076,1909f56bfc062723c751e8b465ee728b)  -> (artifact id: '4fffa305bd2bc8915c713b4a9dd828d2') in 0.011805 seconds 
========================================================================
Received Import Request.
  Time since last request: 0.000366 seconds.
  path: Assets/hex-sliced_34.png
  artifactKey: Guid(bfd792b70fb7e1346ac3f692a7c5279c) Importer(815301076,1909f56bfc062723c751e8b465ee728b)
Start importing Assets/hex-sliced_34.png using Guid(bfd792b70fb7e1346ac3f692a7c5279c) Importer(815301076,1909f56bfc062723c751e8b465ee728b)  -> (artifact id: 'e56879948eeb90fab1053c08fc5638ca') in 0.015943 seconds 
========================================================================
Received Import Request.
  Time since last request: 0.000376 seconds.
  path: Assets/hex-sliced_51.png
  artifactKey: Guid(cd1d1df9f1257cf44b1946a2933668e1) Importer(815301076,1909f56bfc062723c751e8b465ee728b)
Start importing Assets/hex-sliced_51.png using Guid(cd1d1df9f1257cf44b1946a2933668e1) Importer(815301076,1909f56bfc062723c751e8b465ee728b)  -> (artifact id: '0fb0977d41e9b0bf106ee60faa16a846') in 0.012648 seconds 
========================================================================
Received Import Request.
  Time since last request: 0.000360 seconds.
  path: Assets/hex-sliced_89.png
  artifactKey: Guid(9b7129bc169dea448b2a28379f65fc15) Importer(815301076,1909f56bfc062723c751e8b465ee728b)
Start importing Assets/hex-sliced_89.png using Guid(9b7129bc169dea448b2a28379f65fc15) Importer(815301076,1909f56bfc062723c751e8b465ee728b)  -> (artifact id: 'f6c9265676bbb30d48624028f36d28f9') in 0.011686 seconds 
========================================================================
Received Import Request.
  Time since last request: 0.000380 seconds.
  path: Assets/hex-sliced_35.png
  artifactKey: Guid(d8e1f684c654d1e46a9f0ae0acdf6cff) Importer(815301076,1909f56bfc062723c751e8b465ee728b)
Start importing Assets/hex-sliced_35.png using Guid(d8e1f684c654d1e46a9f0ae0acdf6cff) Importer(815301076,1909f56bfc062723c751e8b465ee728b)  -> (artifact id: 'ecf67069c0cf670192ea6a84a6ae570e') in 0.010793 seconds 
========================================================================
Received Import Request.
  Time since last request: 0.000372 seconds.
  path: Assets/hex-sliced_75.png
  artifactKey: Guid(a846ad3e98e1fbb4e9478bb086c83838) Importer(815301076,1909f56bfc062723c751e8b465ee728b)
Start importing Assets/hex-sliced_75.png using Guid(a846ad3e98e1fbb4e9478bb086c83838) Importer(815301076,1909f56bfc062723c751e8b465ee728b)  -> (artifact id: 'd431e0bebbcbc77e9cab0d828fedf83f') in 0.011502 seconds 
========================================================================
Received Import Request.
  Time since last request: 0.000419 seconds.
  path: Assets/hex-sliced_77.png
  artifactKey: Guid(06f8e7cc45b01a2459503f6a3304abf0) Importer(815301076,1909f56bfc062723c751e8b465ee728b)
Start importing Assets/hex-sliced_77.png using Guid(06f8e7cc45b01a2459503f6a3304abf0) Importer(815301076,1909f56bfc062723c751e8b465ee728b)  -> (artifact id: 'aa8f451b1b966cbb93c1d9c94946718d') in 0.013768 seconds 
========================================================================
Received Import Request.
  Time since last request: 0.000399 seconds.
  path: Assets/hex-sliced_76.png
  artifactKey: Guid(648de12aa4b12414ea06a22776bef9a1) Importer(815301076,1909f56bfc062723c751e8b465ee728b)
Start importing Assets/hex-sliced_76.png using Guid(648de12aa4b12414ea06a22776bef9a1) Importer(815301076,1909f56bfc062723c751e8b465ee728b)  -> (artifact id: 'bfefff86e7b8d5db759a4b92ee2c8334') in 0.014086 seconds 
========================================================================
Received Import Request.
  Time since last request: 0.000393 seconds.
  path: Assets/hex-sliced_92.png
  artifactKey: Guid(2074f91247fff2f4ab3474d7ed33815f) Importer(815301076,1909f56bfc062723c751e8b465ee728b)
Start importing Assets/hex-sliced_92.png using Guid(2074f91247fff2f4ab3474d7ed33815f) Importer(815301076,1909f56bfc062723c751e8b465ee728b)  -> (artifact id: '29f08b1122553644c286bb5a5f2519d2') in 0.014963 seconds 
========================================================================
Received Import Request.
  Time since last request: 0.000353 seconds.
  path: Assets/hex-sliced_97.png
  artifactKey: Guid(6bb813bf0ad1ba5428fe329a573c7993) Importer(815301076,1909f56bfc062723c751e8b465ee728b)
Start importing Assets/hex-sliced_97.png using Guid(6bb813bf0ad1ba5428fe329a573c7993) Importer(815301076,1909f56bfc062723c751e8b465ee728b)  -> (artifact id: '30e13ae10935ab03ca64cebcee17e0b6') in 0.013306 seconds 
========================================================================
Received Import Request.
  Time since last request: 0.000378 seconds.
  path: Assets/hex-sliced_103.png
  artifactKey: Guid(6ea6390e25848da4da8bd2a663e9fc0d) Importer(815301076,1909f56bfc062723c751e8b465ee728b)
Start importing Assets/hex-sliced_103.png using Guid(6ea6390e25848da4da8bd2a663e9fc0d) Importer(815301076,1909f56bfc062723c751e8b465ee728b)  -> (artifact id: 'a23b909e8a7b2863f924c38b76ccf264') in 0.011212 seconds 
========================================================================
Received Import Request.
  Time since last request: 0.000401 seconds.
  path: Assets/hex-sliced_98.png
  artifactKey: Guid(8cc00737d77f2cc4ba9710cd8ee0fbdb) Importer(815301076,1909f56bfc062723c751e8b465ee728b)
Start importing Assets/hex-sliced_98.png using Guid(8cc00737d77f2cc4ba9710cd8ee0fbdb) Importer(815301076,1909f56bfc062723c751e8b465ee728b)  -> (artifact id: '2419530e24c1a149acc8f7cdd9a2c755') in 0.012499 seconds 
========================================================================
Received Import Request.
  Time since last request: 0.000482 seconds.
  path: Assets/hex-sliced_102.png
  artifactKey: Guid(fee48525646af804689dc616b71f4819) Importer(815301076,1909f56bfc062723c751e8b465ee728b)
Start importing Assets/hex-sliced_102.png using Guid(fee48525646af804689dc616b71f4819) Importer(815301076,1909f56bfc062723c751e8b465ee728b)  -> (artifact id: '5c12975cc3355bebe3830dd689a8397e') in 0.011011 seconds 
========================================================================
Received Import Request.
  Time since last request: 0.000391 seconds.
  path: Assets/hex-sliced_96.png
  artifactKey: Guid(4fa1b5ed3130f2746bef106fc50a945c) Importer(815301076,1909f56bfc062723c751e8b465ee728b)
Start importing Assets/hex-sliced_96.png using Guid(4fa1b5ed3130f2746bef106fc50a945c) Importer(815301076,1909f56bfc062723c751e8b465ee728b)  -> (artifact id: 'b245e573a95884153b329ded23aff45a') in 0.013220 seconds 
========================================================================
Received Import Request.
  Time since last request: 0.000361 seconds.
  path: Assets/hex-sliced_104.png
  artifactKey: Guid(ce4fb330046c9a14795cbab21ceaf5f9) Importer(815301076,1909f56bfc062723c751e8b465ee728b)
Start importing Assets/hex-sliced_104.png using Guid(ce4fb330046c9a14795cbab21ceaf5f9) Importer(815301076,1909f56bfc062723c751e8b465ee728b)  -> (artifact id: '933e5f6185c19f1e2584cd6dbe59ec2c') in 0.010011 seconds 
========================================================================
Received Import Request.
  Time since last request: 0.000344 seconds.
  path: Assets/hex-sliced_95.png
  artifactKey: Guid(aa7be4a0ba688924fbb32f299c8a662a) Importer(815301076,1909f56bfc062723c751e8b465ee728b)
Start importing Assets/hex-sliced_95.png using Guid(aa7be4a0ba688924fbb32f299c8a662a) Importer(815301076,1909f56bfc062723c751e8b465ee728b)  -> (artifact id: 'd6aa2da49776829550bf2460118c66c2') in 0.010636 seconds 
========================================================================
Received Import Request.
  Time since last request: 0.000374 seconds.
  path: Assets/hex-sliced_100.png
  artifactKey: Guid(2fd489b9378830f4fa4cfca3022fcb3e) Importer(815301076,1909f56bfc062723c751e8b465ee728b)
Start importing Assets/hex-sliced_100.png using Guid(2fd489b9378830f4fa4cfca3022fcb3e) Importer(815301076,1909f56bfc062723c751e8b465ee728b)  -> (artifact id: 'f5202ae8e66f18c50b0cdad7e47471fa') in 0.012308 seconds 
========================================================================
Received Import Request.
  Time since last request: 0.000443 seconds.
  path: Assets/hex-sliced_72.png
  artifactKey: Guid(a12c36245ce0b1b4288e8eea3ee85894) Importer(815301076,1909f56bfc062723c751e8b465ee728b)
Start importing Assets/hex-sliced_72.png using Guid(a12c36245ce0b1b4288e8eea3ee85894) Importer(815301076,1909f56bfc062723c751e8b465ee728b)  -> (artifact id: 'f220df540a711ffcc4ac8190e08b9175') in 0.012686 seconds 
========================================================================
Received Import Request.
  Time since last request: 0.000440 seconds.
  path: Assets/hex-sliced_81.png
  artifactKey: Guid(8b54838a16764fa49843abb863d273ba) Importer(815301076,1909f56bfc062723c751e8b465ee728b)
Start importing Assets/hex-sliced_81.png using Guid(8b54838a16764fa49843abb863d273ba) Importer(815301076,1909f56bfc062723c751e8b465ee728b)  -> (artifact id: '14085c99b457b78df1590610c75b198c') in 0.012866 seconds 
========================================================================
Received Import Request.
  Time since last request: 0.000444 seconds.
  path: Assets/hex-sliced_93.png
  artifactKey: Guid(ead1f79c7c90bdf45bbd9978fdac64b9) Importer(815301076,1909f56bfc062723c751e8b465ee728b)
Start importing Assets/hex-sliced_93.png using Guid(ead1f79c7c90bdf45bbd9978fdac64b9) Importer(815301076,1909f56bfc062723c751e8b465ee728b)  -> (artifact id: '2a3a0983f922bfb6670e8462bf6ef0d7') in 0.013079 seconds 
========================================================================
Received Import Request.
  Time since last request: 0.000386 seconds.
  path: Assets/hex-sliced_49.png
  artifactKey: Guid(febba2afc7ab0e748a7b91b60e6ac77c) Importer(815301076,1909f56bfc062723c751e8b465ee728b)
Start importing Assets/hex-sliced_49.png using Guid(febba2afc7ab0e748a7b91b60e6ac77c) Importer(815301076,1909f56bfc062723c751e8b465ee728b)  -> (artifact id: 'de9ce4552818fee201d6f6d6312058ff') in 0.011747 seconds 
========================================================================
Received Import Request.
  Time since last request: 0.000444 seconds.
  path: Assets/hex-sliced_66.png
  artifactKey: Guid(59a2e582692e6f346b38df9fed115914) Importer(815301076,1909f56bfc062723c751e8b465ee728b)
Start importing Assets/hex-sliced_66.png using Guid(59a2e582692e6f346b38df9fed115914) Importer(815301076,1909f56bfc062723c751e8b465ee728b)  -> (artifact id: '5ac5b1b24596cf8fd03e2867799e21e0') in 0.011028 seconds 
========================================================================
Received Import Request.
  Time since last request: 0.000398 seconds.
  path: Assets/hex-sliced_78.png
  artifactKey: Guid(dc7fbd436fdf3684d8ce7ead09cb2ffa) Importer(815301076,1909f56bfc062723c751e8b465ee728b)
Start importing Assets/hex-sliced_78.png using Guid(dc7fbd436fdf3684d8ce7ead09cb2ffa) Importer(815301076,1909f56bfc062723c751e8b465ee728b)  -> (artifact id: 'c65e5cb819bd4f134125bf4649089c60') in 0.012886 seconds 
========================================================================
Received Import Request.
  Time since last request: 0.000395 seconds.
  path: Assets/hex-sliced_86.png
  artifactKey: Guid(2cc1645a349e61e4c829a8eeadefa673) Importer(815301076,1909f56bfc062723c751e8b465ee728b)
Start importing Assets/hex-sliced_86.png using Guid(2cc1645a349e61e4c829a8eeadefa673) Importer(815301076,1909f56bfc062723c751e8b465ee728b)  -> (artifact id: 'b0fef6a931a6d01418fec65bd86d6028') in 0.011248 seconds 
========================================================================
Received Import Request.
  Time since last request: 0.000425 seconds.
  path: Assets/hex-sliced_105.png
  artifactKey: Guid(2fbca6222b8ed71458f3dc287b7159b4) Importer(815301076,1909f56bfc062723c751e8b465ee728b)
Start importing Assets/hex-sliced_105.png using Guid(2fbca6222b8ed71458f3dc287b7159b4) Importer(815301076,1909f56bfc062723c751e8b465ee728b)  -> (artifact id: '7076fa7c2774029f129055ea733c7fe8') in 0.012870 seconds 
========================================================================
Received Import Request.
  Time since last request: 0.000363 seconds.
  path: Assets/hex-sliced_101.png
  artifactKey: Guid(e427364d8a13d414bac00617b39eec15) Importer(815301076,1909f56bfc062723c751e8b465ee728b)
Start importing Assets/hex-sliced_101.png using Guid(e427364d8a13d414bac00617b39eec15) Importer(815301076,1909f56bfc062723c751e8b465ee728b)  -> (artifact id: '787e9199112815789be50986b6426fee') in 0.011469 seconds 
========================================================================
Received Import Request.
  Time since last request: 0.000347 seconds.
  path: Assets/hex-sliced_94.png
  artifactKey: Guid(bfe3243c9ecfa2445a677f80cc1ff6d7) Importer(815301076,1909f56bfc062723c751e8b465ee728b)
Start importing Assets/hex-sliced_94.png using Guid(bfe3243c9ecfa2445a677f80cc1ff6d7) Importer(815301076,1909f56bfc062723c751e8b465ee728b)  -> (artifact id: '7ff9162386ee0fc9f12a929ac91e0156') in 0.011152 seconds 
========================================================================
Received Import Request.
  Time since last request: 0.000388 seconds.
  path: Assets/hex-sliced_106.png
  artifactKey: Guid(90da9c779c9fe394288f86b665ad7b72) Importer(815301076,1909f56bfc062723c751e8b465ee728b)
Start importing Assets/hex-sliced_106.png using Guid(90da9c779c9fe394288f86b665ad7b72) Importer(815301076,1909f56bfc062723c751e8b465ee728b)  -> (artifact id: 'aef57141ba9228e88dd349d6a4ee87c4') in 0.012195 seconds 
========================================================================
Received Import Request.
  Time since last request: 0.000282 seconds.
  path: Assets/hex-sliced_56.png
  artifactKey: Guid(c5b3283345a5afc42a094cff8585cea0) Importer(815301076,1909f56bfc062723c751e8b465ee728b)
Start importing Assets/hex-sliced_56.png using Guid(c5b3283345a5afc42a094cff8585cea0) Importer(815301076,1909f56bfc062723c751e8b465ee728b)  -> (artifact id: '0a791b5ba22b59bcdbe35e41ebe74d25') in 0.011065 seconds 
========================================================================
Received Import Request.
  Time since last request: 0.000362 seconds.
  path: Assets/hex-sliced_74.png
  artifactKey: Guid(cb81604e8df4d61449002dd5ec888c76) Importer(815301076,1909f56bfc062723c751e8b465ee728b)
Start importing Assets/hex-sliced_74.png using Guid(cb81604e8df4d61449002dd5ec888c76) Importer(815301076,1909f56bfc062723c751e8b465ee728b)  -> (artifact id: '3adee2c6a326a1761f89d001a30d3a13') in 0.014385 seconds 
========================================================================
Received Import Request.
  Time since last request: 0.000419 seconds.
  path: Assets/hex-sliced_82.png
  artifactKey: Guid(473c5f5d34671d141ad3c277b473da14) Importer(815301076,1909f56bfc062723c751e8b465ee728b)
Start importing Assets/hex-sliced_82.png using Guid(473c5f5d34671d141ad3c277b473da14) Importer(815301076,1909f56bfc062723c751e8b465ee728b)  -> (artifact id: '102d9d45a17824bf30c9a915b399a567') in 0.013673 seconds 
========================================================================
Received Import Request.
  Time since last request: 0.000377 seconds.
  path: Assets/hex-sliced_32.png
  artifactKey: Guid(3f12af83db205f845ae2c0070915fe16) Importer(815301076,1909f56bfc062723c751e8b465ee728b)
Start importing Assets/hex-sliced_32.png using Guid(3f12af83db205f845ae2c0070915fe16) Importer(815301076,1909f56bfc062723c751e8b465ee728b)  -> (artifact id: 'b5d4a7bb1aa38b3fab1c940ee2d562bb') in 0.014096 seconds 
========================================================================
Received Import Request.
  Time since last request: 0.000368 seconds.
  path: Assets/hex-sliced_88.png
  artifactKey: Guid(5019d7c243ccf5741bc1d57cc4784df1) Importer(815301076,1909f56bfc062723c751e8b465ee728b)
Start importing Assets/hex-sliced_88.png using Guid(5019d7c243ccf5741bc1d57cc4784df1) Importer(815301076,1909f56bfc062723c751e8b465ee728b)  -> (artifact id: 'a616a16b956f607266e5fda02bed0501') in 0.016593 seconds 
========================================================================
Received Import Request.
  Time since last request: 0.000311 seconds.
  path: Assets/hex-sliced_99.png
  artifactKey: Guid(22c5c8121e1ca5849b2d92f08839d542) Importer(815301076,1909f56bfc062723c751e8b465ee728b)
Start importing Assets/hex-sliced_99.png using Guid(22c5c8121e1ca5849b2d92f08839d542) Importer(815301076,1909f56bfc062723c751e8b465ee728b)  -> (artifact id: 'aeb5b1e2e5d9a3f503d2de6126a31069') in 0.013425 seconds 
========================================================================
Received Import Request.
  Time since last request: 0.000394 seconds.
  path: Assets/hex-sliced_45.png
  artifactKey: Guid(3657b0765bae73041866dd3821279646) Importer(815301076,1909f56bfc062723c751e8b465ee728b)
Start importing Assets/hex-sliced_45.png using Guid(3657b0765bae73041866dd3821279646) Importer(815301076,1909f56bfc062723c751e8b465ee728b)  -> (artifact id: 'cf88ee372a16018f66091134cb8be0fd') in 0.011687 seconds 
========================================================================
Received Import Request.
  Time since last request: 0.000356 seconds.
  path: Assets/hex-sliced_21.png
  artifactKey: Guid(f1cc5629c024c594b8c3dffc2ca0df1d) Importer(815301076,1909f56bfc062723c751e8b465ee728b)
Start importing Assets/hex-sliced_21.png using Guid(f1cc5629c024c594b8c3dffc2ca0df1d) Importer(815301076,1909f56bfc062723c751e8b465ee728b)  -> (artifact id: '2a7ca97ff946d9d235fb04b476cb2f21') in 0.012953 seconds 
========================================================================
Received Import Request.
  Time since last request: 0.000463 seconds.
  path: Assets/hex-sliced_43.png
  artifactKey: Guid(19c4b4bc4e251964996e6788a17ce428) Importer(815301076,1909f56bfc062723c751e8b465ee728b)
Start importing Assets/hex-sliced_43.png using Guid(19c4b4bc4e251964996e6788a17ce428) Importer(815301076,1909f56bfc062723c751e8b465ee728b)  -> (artifact id: 'ff47ea0a406549f7193ff24502ea673f') in 0.010855 seconds 
========================================================================
Received Import Request.
  Time since last request: 0.000376 seconds.
  path: Assets/hex-sliced_61.png
  artifactKey: Guid(c6bb1bbb0d4a2a5448810feecb5da52a) Importer(815301076,1909f56bfc062723c751e8b465ee728b)
Start importing Assets/hex-sliced_61.png using Guid(c6bb1bbb0d4a2a5448810feecb5da52a) Importer(815301076,1909f56bfc062723c751e8b465ee728b)  -> (artifact id: '7005cb144f5c0bddd02da1aab3dc5844') in 0.010169 seconds 
========================================================================
Received Import Request.
  Time since last request: 0.000377 seconds.
  path: Assets/hex-sliced_30.png
  artifactKey: Guid(2a4690ecdfbe34345a1c3bf47b4d7414) Importer(815301076,1909f56bfc062723c751e8b465ee728b)
Start importing Assets/hex-sliced_30.png using Guid(2a4690ecdfbe34345a1c3bf47b4d7414) Importer(815301076,1909f56bfc062723c751e8b465ee728b)  -> (artifact id: '310fd1f0b27a5ad79a9d93dbe53e48a8') in 0.010819 seconds 
========================================================================
Received Import Request.
  Time since last request: 0.000442 seconds.
  path: Assets/hex-sliced_83.png
  artifactKey: Guid(ce9ad5b18f2cc03488922080d4ec29d3) Importer(815301076,1909f56bfc062723c751e8b465ee728b)
Start importing Assets/hex-sliced_83.png using Guid(ce9ad5b18f2cc03488922080d4ec29d3) Importer(815301076,1909f56bfc062723c751e8b465ee728b)  -> (artifact id: 'bc7c66984d05884521d6a64161dde13a') in 0.010393 seconds 
========================================================================
Received Import Request.
  Time since last request: 0.000369 seconds.
  path: Assets/hex-sliced_87.png
  artifactKey: Guid(131d0709186f7824d816bf5fd26e972a) Importer(815301076,1909f56bfc062723c751e8b465ee728b)
Start importing Assets/hex-sliced_87.png using Guid(131d0709186f7824d816bf5fd26e972a) Importer(815301076,1909f56bfc062723c751e8b465ee728b)  -> (artifact id: '85588abc5ed90ab3f383f279e44388d8') in 0.010128 seconds 
========================================================================
Received Import Request.
  Time since last request: 55.326127 seconds.
  path: Assets/New Folder/hex-sliced_55.asset
  artifactKey: Guid(04124eb4440e2b14fb8d0b258066e3af) Importer(815301076,1909f56bfc062723c751e8b465ee728b)
Start importing Assets/New Folder/hex-sliced_55.asset using Guid(04124eb4440e2b14fb8d0b258066e3af) Importer(815301076,1909f56bfc062723c751e8b465ee728b)  -> (artifact id: 'f6ddf4db61d40856bf0b803f6ef1acf8') in 0.028119 seconds 
========================================================================
Received Import Request.
  Time since last request: 0.000429 seconds.
  path: Assets/New Folder/hex-sliced_61.asset
  artifactKey: Guid(083f3079cf9a19546a225e3a679646a2) Importer(815301076,1909f56bfc062723c751e8b465ee728b)
Start importing Assets/New Folder/hex-sliced_61.asset using Guid(083f3079cf9a19546a225e3a679646a2) Importer(815301076,1909f56bfc062723c751e8b465ee728b)  -> (artifact id: '3777b6899d58d55e15602e32f776382e') in 0.008042 seconds 
========================================================================
Received Import Request.
  Time since last request: 0.000396 seconds.
  path: Assets/New Folder/hex-sliced_62.asset
  artifactKey: Guid(a35948fda4235cc48856a1b294990139) Importer(815301076,1909f56bfc062723c751e8b465ee728b)
Start importing Assets/New Folder/hex-sliced_62.asset using Guid(a35948fda4235cc48856a1b294990139) Importer(815301076,1909f56bfc062723c751e8b465ee728b)  -> (artifact id: 'd62c8d89f74cdf384c4f830557e8ca16') in 0.008342 seconds 
========================================================================
Received Import Request.
  Time since last request: 0.000367 seconds.
  path: Assets/New Folder/hex-sliced_59.asset
  artifactKey: Guid(f63f29678b8c8f94698b9d85d5205592) Importer(815301076,1909f56bfc062723c751e8b465ee728b)
Start importing Assets/New Folder/hex-sliced_59.asset using Guid(f63f29678b8c8f94698b9d85d5205592) Importer(815301076,1909f56bfc062723c751e8b465ee728b)  -> (artifact id: '9781ea6d62d7b34f3daf1365b32683c8') in 0.009680 seconds 
========================================================================
Received Import Request.
  Time since last request: 0.000281 seconds.
  path: Assets/New Folder/hex-sliced_57.asset
  artifactKey: Guid(87bfa78578155914282071eae57af25c) Importer(815301076,1909f56bfc062723c751e8b465ee728b)
Start importing Assets/New Folder/hex-sliced_57.asset using Guid(87bfa78578155914282071eae57af25c) Importer(815301076,1909f56bfc062723c751e8b465ee728b)  -> (artifact id: 'b04639902be1fecb53c6d9f4186e667d') in 0.010769 seconds 
========================================================================
Received Import Request.
  Time since last request: 0.000347 seconds.
  path: Assets/New Folder/hex-sliced_60.asset
  artifactKey: Guid(35a1f2b0cbe50af4a925c9a1cc934318) Importer(815301076,1909f56bfc062723c751e8b465ee728b)
Start importing Assets/New Folder/hex-sliced_60.asset using Guid(35a1f2b0cbe50af4a925c9a1cc934318) Importer(815301076,1909f56bfc062723c751e8b465ee728b)  -> (artifact id: '87c2d8cd9efe08b39c145541ebdbbd45') in 0.010370 seconds 
========================================================================
Received Import Request.
  Time since last request: 0.000353 seconds.
  path: Assets/New Folder/hex-sliced_64.asset
  artifactKey: Guid(59f2bf038be11f84e812487c610328fb) Importer(815301076,1909f56bfc062723c751e8b465ee728b)
Start importing Assets/New Folder/hex-sliced_64.asset using Guid(59f2bf038be11f84e812487c610328fb) Importer(815301076,1909f56bfc062723c751e8b465ee728b)  -> (artifact id: 'cce1c93c497830e512fd26b02c8f2789') in 0.020064 seconds 
========================================================================
Received Import Request.
  Time since last request: 0.000346 seconds.
  path: Assets/New Folder/hex-sliced_56.asset
  artifactKey: Guid(0aef94894f4a0a94baba23e285c8349d) Importer(815301076,1909f56bfc062723c751e8b465ee728b)
Start importing Assets/New Folder/hex-sliced_56.asset using Guid(0aef94894f4a0a94baba23e285c8349d) Importer(815301076,1909f56bfc062723c751e8b465ee728b)  -> (artifact id: '517daacf5e01c100da4a247f30cf5f56') in 0.007935 seconds 
========================================================================
Received Import Request.
  Time since last request: 0.000365 seconds.
  path: Assets/New Folder/hex-sliced_58.asset
  artifactKey: Guid(d2eb567f8695b3444a4c182760bf216b) Importer(815301076,1909f56bfc062723c751e8b465ee728b)
Start importing Assets/New Folder/hex-sliced_58.asset using Guid(d2eb567f8695b3444a4c182760bf216b) Importer(815301076,1909f56bfc062723c751e8b465ee728b)  -> (artifact id: 'a47dc63abfdf36b1cffb3d9072c85ead') in 0.025335 seconds 
========================================================================
Received Import Request.
  Time since last request: 0.000362 seconds.
  path: Assets/New Folder/hex-sliced_63.asset
  artifactKey: Guid(676d6ac5fd569824983db33c4f83135f) Importer(815301076,1909f56bfc062723c751e8b465ee728b)
Start importing Assets/New Folder/hex-sliced_63.asset using Guid(676d6ac5fd569824983db33c4f83135f) Importer(815301076,1909f56bfc062723c751e8b465ee728b)  -> (artifact id: '95321895bfa7d609fe2ab92ff40ba410') in 0.009191 seconds 
AssetImportWorkerClient::OnTransportError - code=2 error=End of file
